20200409
1. 新增快捷键支持
2. 后台增加自定义js功能

20200411
1. 更改初始化数据库位置
2. 修复分类目录不按权重排序的问题
3. 书签导入
4. 书签批量删除

20210412
CREATE TABLE on_options (
	id INTEGER NOT NULL PRIMARY KEY AUTOINCREMENT,
	"key" TEXT(64) NOT NULL,
	value TEXT,
	extend TEXT
);

CREATE INDEX on_options_id_IDX ON on_options (id,"key");
CREATE INDEX on_options_key_IDX ON on_options ("key");

20210726
1. 修复后台QQ群2
2. 后台添加社区支持链接
3. 修复默认主题顶部遮挡问题

20220211
1. 简化安装过程，无需再手动修改配置安装
2. 新增默认密码安全检测
3. 默认模板增加手机登录按钮
4. 修复一处XSS漏洞

20220216
1. 修复一处登录漏洞

20220221
1. 修复默认主题字体图标不显示

20220225
1. 修复一处安全漏洞

20220304
1. 新增HttpOnly支持
2. API新增查询单个链接信息get_a_link
3. API支持查询指定分类下的链接link_list，传递参数category_id

20220308
1. 新增数据库更新功能
2. 初始数据库更新
3. 分离分类图标字体设置
4. 集成baisuTwo主题

20220311
1. 简化API入口代码
2. 修复get_a_link查询私有链接返回空值问题
3. 改进SQL更新功能
4. 新增数据库安全检查
5. 新增备用链接功能
6. 新增过渡跳转页面
7. 修复后台链接无法分页问题

20220312
1. 新增API：根据ID查询单个分类信息
2. 修复后台编辑链接，分类信息显示不正确
3. 书签导入时文件名过滤

20220315
1. 修复一个任意文件漏洞